<?xml version="1.0" encoding="UTF-8"?>
<testsuite xmlns:xsi="http://www.w3.org/2001/XMLSchema-instance" xsi:noNamespaceSchemaLocation="https://maven.apache.org/surefire/maven-surefire-plugin/xsd/surefire-test-report.xsd" version="3.0.1" name="Runner.Testrunner" time="18.731" tests="1" errors="0" skipped="0" failures="1">
  <properties>
[...]
</properties>
  <testcase name="Login with valid credentials" classname="Login Functionality" time="17.509">
    <failure message="expected:&lt;[manda u]ser&gt; but was:&lt;[Test U]ser&gt;" type="org.junit.ComparisonFailure"><![CDATA[org.junit.ComparisonFailure: expected:<[manda u]ser> but was:<[Test U]ser>
	at org.junit.Assert.assertEquals(Assert.java:117)
	at org.junit.Assert.assertEquals(Assert.java:146)
	at StepDefinitions.Loginpage.the_user_navigates_to_the_homepage(Loginpage.java:44)
	at ✽.the user navigates to the homepage.(file:///C:/Users/Admin/eclipse-workspace/Cucumberframework/./resources/Features/HrmLogin.feature:8)
]]></failure>
    <system-out><![CDATA[
@SmokeTest
Scenario Outline: Login with valid credentials # resources/Features/HrmLogin.feature:12
  Given the user is on the login page.         # StepDefinitions.Loginpage.the_user_is_on_the_login_page()
  When user enter's "Admin" and "admin123".    # StepDefinitions.Loginpage.user_enter_s_and(java.lang.String,java.lang.String)
  And user clicks on the login button.         # StepDefinitions.Loginpage.user_clicks_on_the_login_button()
Test User
  Then the user navigates to the homepage.     # StepDefinitions.Loginpage.the_user_navigates_to_the_homepage()
      org.junit.ComparisonFailure: expected:<[manda u]ser> but was:<[Test U]ser>
      	at org.junit.Assert.assertEquals(Assert.java:117)
      	at org.junit.Assert.assertEquals(Assert.java:146)
      	at StepDefinitions.Loginpage.the_user_navigates_to_the_homepage(Loginpage.java:44)
      	at âœ½.the user navigates to the homepage.(file:///C:/Users/Admin/eclipse-workspace/Cucumberframework/./resources/Features/HrmLogin.feature:8)
]]></system-out>
  </testcase>
</testsuite>